1706890293252:get
1706890296168:help
1706892484968:get
1706892491505:help
1706894033294:get
1706894041520:get music
1706894134845:get education
1706894609936:get
1706894625995:get music
1706894641768:help
1706894751565:get
1706894762383:get mus
1706894769287:get music
1706894794425:get education
1706899688089:get
1706912064743:get --type music
1706912070347:get music
1706912558828:get --type
1706913033924:get --type music
1706913094549:get --type spor
1706913947215:get
1706913951240:help
1706914005311:get
1706914029961:getByType mus
1706914045048:getByType Music
1707068060060:get
1707068066178:get help
1707068078861:help
1707068093500:get help
1707068146299:get
1707068158127:getBYType
1707068187876:getByType
1707068196261:getByType music
1707068468778:get
1707068492415:getByType Music
1707070568660:get --type music
1707070673351:getByType music
1707070678191:help
1707070709977:get --help
1707071258683:get
1707071264667:get help
1707071275472:get
1707071283564:get --help
1707127910351:get --type -h
1707127942821:exit
1707147621561:get
1707147641625:get --type music
1707147676092:get --price 0.1
1707147784648:get
1707147839612:get --type music
1707147853131:get --price 0.1
1707147902609:get
1707147921230:get --price 0.2
1707148259047:get
1707148267502:get --help
1707148547659:get --participants 1
1707148576693:get --type music --participants 2
1707148588354:get --type music --participants 4
1707148682508:get --type
1707148751988:get --type music --key 5675880 --participants
1707158337943:get
1707158406972:get --participant
1707158420124:get --participants
1707158455038:get --participant 0
1707158470320:get --participants 0
1707158647823:get
1707158709770:get --type music
1707158771615:get
1707158969068:get --type music
1707159001019:get --type music --participants 4
1707159179539:get --help
1707160271303:get
1707160283721:get --help
1707160293378:get -type music
1707160305264:get --type music
1707161489058:get
1707164577499:get music
1707165220420:go
1707165222844:get
1707167344858:get sport
1707167705981:get
1707167713847:get music
1707167719194:get sport
1707167780714:get
1707167787541:get music
1707167792502:get sport
1707167799687:get lkl;jl;
1707168327990:get
1707168336067:get --help
1707168367912:get
1707168373618:get sport
1707168573909:get
1707168579679:get sport
1707168685557:get
1707168690502:get sport
1707168820203:get
1707168831714:get help
1707168841307:get --help
1707168851009:get --type sport
1707169100739:get music
1707169170659:get
1707169178658:get sport
1707169562914:get --type music
1707169569558:get sport
1707169648863:get --type music --participants 4
1707169880481:get
1707169904294:get --type music --participants 1
1707170877175:get
1707171274210:get music
1707172123385:get
1707172217361:get --type
1707172232056:get --participants
1707172267959:get --type music --participants 4 --key
1707234536078:get
1707234546840:get --type
1707234558486:get --type music
1707234787799:get
1707234798363:get --price 0.1
1707234810101:get --price
1707235147684:get
1707235313847:get --type
1707235324519:get --participants
1707235344040:get --participants 0
1707235399975:get --price       --participants 4
1707235436500:get
1707235445095:get --price
1707235457757:get --price 0
1707235472815:get --type
1707235592656:get
1707236408988:get music
1707236416998:get --type music
1707236427619:get --type sport
1707236436259:get --type
1707236455476:get --participants 10
1707236467098:get --participants
1707236528636:get
1707236542777:get --type
1707236592210:get
1707236599276:get --type
1707236608731:get music
1707236632769:get --type
1707236661253:get --participants
1707236672495:get --participants 90
1707236683623:get --participants
1707236702615:get --key
1707236723385:get --key 0
1707237045287:get
1707237156866:get --type
1707237166580:get music
1707237184054:get --key
1707237429126:get
1707237457061:get --key
1707237469901:get --link
1707237523596:get
1707237953339:get --participants 4
1707240285072:get
1707240297590:get --type sport
1707240371696:get
1707240390246:get --type sport
1707242648970:get
1707242665099:get --type music
1707243364500:get
1707243375281:get --type sport
1707243387437:get --type sport music
1707243396590:get --type music
1707338728890:get
1707338740236:get --type sport
1707338750983:get --type music
1707338764717:get --type --participants 4
1707348095226:get
1707408960705:get --help
1707408984993:get --type music
1707408999332:get --type sport
